[2m2024-04-10T15:35:34.948205Z[0m [33m WARN[0m [2mlightswitch::profiler[0m[2m:[0m samples might be lost due to too many samples in a profile session
[2m2024-04-10T15:35:34.977331Z[0m [34mDEBUG[0m [2mlightswitch::profiler[0m[2m:[0m unwind info not found for executable
[2m2024-04-10T15:35:34.977368Z[0m [34mDEBUG[0m [1mcalling in_memory_unwind_info[0m[1m{[0m/nix/store/6lkrwh4734d093sam78g0j97lnhfaqmf-build-test-f77-prog/bin/basic_f77_stack_O0[1m}[0m[2m:[0m [2mlightswitch::profiler[0m[2m:[0m enter
[2m2024-04-10T15:35:34.977411Z[0m [34mDEBUG[0m [1mcalling in_memory_unwind_info[0m[1m{[0m/nix/store/6lkrwh4734d093sam78g0j97lnhfaqmf-build-test-f77-prog/bin/basic_f77_stack_O0[1m}[0m[2m:[0m [2mlightswitch::profiler[0m[2m:[0m close [3mtime.busy[0m[2m=[0m41.7µs [3mtime.idle[0m[2m=[0m3.06µs
[2m2024-04-10T15:35:34.977419Z[0m [34mDEBUG[0m [1msort unwind info[0m[2m:[0m [2mlightswitch::profiler[0m[2m:[0m enter
[2m2024-04-10T15:35:34.977424Z[0m [34mDEBUG[0m [1msort unwind info[0m[2m:[0m [2mlightswitch::profiler[0m[2m:[0m close [3mtime.busy[0m[2m=[0m5.11µs [3mtime.idle[0m[2m=[0m511ns
[2m2024-04-10T15:35:34.977430Z[0m [34mDEBUG[0m [1moptimize unwind info[0m[2m:[0m [2mlightswitch::profiler[0m[2m:[0m enter
[2m2024-04-10T15:35:34.977435Z[0m [34mDEBUG[0m [1moptimize unwind info[0m[2m:[0m [2mlightswitch::profiler[0m[2m:[0m close [3mtime.busy[0m[2m=[0m5.19µs [3mtime.idle[0m[2m=[0m361ns
[2m2024-04-10T15:35:34.977439Z[0m [34mDEBUG[0m [2mlightswitch::profiler[0m[2m:[0m ======== Unwind rows for executable /nix/store/6lkrwh4734d093sam78g0j97lnhfaqmf-build-test-f77-prog/bin/basic_f77_stack_O0: 48 with id 0
[2m2024-04-10T15:35:34.977441Z[0m [34mDEBUG[0m [2mlightswitch::profiler[0m[2m:[0m -- unwind information covers PCs: [401020-40156e]
[2m2024-04-10T15:35:34.977443Z[0m [34mDEBUG[0m [1mchunk unwind info[0m[2m:[0m [2mlightswitch::profiler[0m[2m:[0m enter
[2m2024-04-10T15:35:34.977445Z[0m [34mDEBUG[0m [1mchunk unwind info[0m[2m:[0m [2mlightswitch::profiler[0m[2m:[0m -- space used so far in live shard 0 0
[2m2024-04-10T15:35:34.977448Z[0m [34mDEBUG[0m [1mchunk unwind info[0m[2m:[0m [2mlightswitch::profiler[0m[2m:[0m -- live shard free space: 250000, rest_chunk size: 48
[2m2024-04-10T15:35:34.977450Z[0m [34mDEBUG[0m [1mchunk unwind info[0m[2m:[0m [2mlightswitch::profiler[0m[2m:[0m -- chunk covers PCs [401020:40156e]
[2m2024-04-10T15:35:34.977452Z[0m [34mDEBUG[0m [1mchunk unwind info[0m[2m:[0m [2mlightswitch::profiler[0m[2m:[0m -- chunk is in shard: 0 in range [0:48]
[2m2024-04-10T15:35:34.977454Z[0m [34mDEBUG[0m [1mchunk unwind info[0m[2m:[0m [2mlightswitch::profiler[0m[2m:[0m done chunkin'
[2m2024-04-10T15:35:34.977456Z[0m [34mDEBUG[0m [1mchunk unwind info[0m[2m:[0m [2mlightswitch::profiler[0m[2m:[0m close [3mtime.busy[0m[2m=[0m13.3µs [3mtime.idle[0m[2m=[0m321ns
[2m2024-04-10T15:35:34.977466Z[0m [34mDEBUG[0m [2mlightswitch::profiler[0m[2m:[0m unwind info not found for executable
[2m2024-04-10T15:35:34.977469Z[0m [34mDEBUG[0m [1mcalling in_memory_unwind_info[0m[1m{[0m/nix/store/ddwyrxif62r8n6xclvskjyy6szdhvj60-glibc-2.39-5/lib/libc.so.6[1m}[0m[2m:[0m [2mlightswitch::profiler[0m[2m:[0m enter
[2m2024-04-10T15:35:34.979886Z[0m [34mDEBUG[0m [1mcalling in_memory_unwind_info[0m[1m{[0m/nix/store/ddwyrxif62r8n6xclvskjyy6szdhvj60-glibc-2.39-5/lib/libc.so.6[1m}[0m[2m:[0m [2mlightswitch::profiler[0m[2m:[0m close [3mtime.busy[0m[2m=[0m2.42ms [3mtime.idle[0m[2m=[0m552ns
[2m2024-04-10T15:35:34.979901Z[0m [34mDEBUG[0m [1msort unwind info[0m[2m:[0m [2mlightswitch::profiler[0m[2m:[0m enter
[2m2024-04-10T15:35:34.980760Z[0m [34mDEBUG[0m [1msort unwind info[0m[2m:[0m [2mlightswitch::profiler[0m[2m:[0m close [3mtime.busy[0m[2m=[0m858µs [3mtime.idle[0m[2m=[0m522ns
[2m2024-04-10T15:35:34.980767Z[0m [34mDEBUG[0m [1moptimize unwind info[0m[2m:[0m [2mlightswitch::profiler[0m[2m:[0m enter
[2m2024-04-10T15:35:34.981425Z[0m [34mDEBUG[0m [1moptimize unwind info[0m[2m:[0m [2mlightswitch::profiler[0m[2m:[0m close [3mtime.busy[0m[2m=[0m657µs [3mtime.idle[0m[2m=[0m606ns
[2m2024-04-10T15:35:34.981434Z[0m [34mDEBUG[0m [2mlightswitch::profiler[0m[2m:[0m ======== Unwind rows for executable /nix/store/ddwyrxif62r8n6xclvskjyy6szdhvj60-glibc-2.39-5/lib/libc.so.6: 29557 with id 1
[2m2024-04-10T15:35:34.981437Z[0m [34mDEBUG[0m [2mlightswitch::profiler[0m[2m:[0m -- unwind information covers PCs: [28000-183f6d]
[2m2024-04-10T15:35:34.981440Z[0m [34mDEBUG[0m [1mchunk unwind info[0m[2m:[0m [2mlightswitch::profiler[0m[2m:[0m enter
[2m2024-04-10T15:35:34.981442Z[0m [34mDEBUG[0m [1mchunk unwind info[0m[2m:[0m [2mlightswitch::profiler[0m[2m:[0m -- space used so far in live shard 0 48
[2m2024-04-10T15:35:34.981444Z[0m [34mDEBUG[0m [1mchunk unwind info[0m[2m:[0m [2mlightswitch::profiler[0m[2m:[0m -- live shard free space: 249952, rest_chunk size: 29557
[2m2024-04-10T15:35:34.981802Z[0m [34mDEBUG[0m [1mchunk unwind info[0m[2m:[0m [2mlightswitch::profiler[0m[2m:[0m -- chunk covers PCs [28000:183f6d]
[2m2024-04-10T15:35:34.981806Z[0m [34mDEBUG[0m [1mchunk unwind info[0m[2m:[0m [2mlightswitch::profiler[0m[2m:[0m -- chunk is in shard: 0 in range [48:29605]
[2m2024-04-10T15:35:34.981808Z[0m [34mDEBUG[0m [1mchunk unwind info[0m[2m:[0m [2mlightswitch::profiler[0m[2m:[0m done chunkin'
[2m2024-04-10T15:35:34.981810Z[0m [34mDEBUG[0m [1mchunk unwind info[0m[2m:[0m [2mlightswitch::profiler[0m[2m:[0m close [3mtime.busy[0m[2m=[0m370µs [3mtime.idle[0m[2m=[0m462ns
[2m2024-04-10T15:35:34.981820Z[0m [34mDEBUG[0m [2mlightswitch::profiler[0m[2m:[0m unwind info not found for executable
[2m2024-04-10T15:35:34.981823Z[0m [34mDEBUG[0m [1mcalling in_memory_unwind_info[0m[1m{[0m/nix/store/g64vfny6pd3gvbyik346l6azw5zls82y-gfortran-11.4.0-lib/lib/libquadmath.so.0.0.0[1m}[0m[2m:[0m [2mlightswitch::profiler[0m[2m:[0m enter
[2m2024-04-10T15:35:34.982010Z[0m [34mDEBUG[0m [1mcalling in_memory_unwind_info[0m[1m{[0m/nix/store/g64vfny6pd3gvbyik346l6azw5zls82y-gfortran-11.4.0-lib/lib/libquadmath.so.0.0.0[1m}[0m[2m:[0m [2mlightswitch::profiler[0m[2m:[0m close [3mtime.busy[0m[2m=[0m187µs [3mtime.idle[0m[2m=[0m435ns
[2m2024-04-10T15:35:34.982015Z[0m [34mDEBUG[0m [1msort unwind info[0m[2m:[0m [2mlightswitch::profiler[0m[2m:[0m enter
[2m2024-04-10T15:35:34.982029Z[0m [34mDEBUG[0m [1msort unwind info[0m[2m:[0m [2mlightswitch::profiler[0m[2m:[0m close [3mtime.busy[0m[2m=[0m13.6µs [3mtime.idle[0m[2m=[0m332ns
[2m2024-04-10T15:35:34.982032Z[0m [34mDEBUG[0m [1moptimize unwind info[0m[2m:[0m [2mlightswitch::profiler[0m[2m:[0m enter
[2m2024-04-10T15:35:34.982062Z[0m [34mDEBUG[0m [1moptimize unwind info[0m[2m:[0m [2mlightswitch::profiler[0m[2m:[0m close [3mtime.busy[0m[2m=[0m29.9µs [3mtime.idle[0m[2m=[0m291ns
[2m2024-04-10T15:35:34.982065Z[0m [34mDEBUG[0m [2mlightswitch::profiler[0m[2m:[0m ======== Unwind rows for executable /nix/store/g64vfny6pd3gvbyik346l6azw5zls82y-gfortran-11.4.0-lib/lib/libquadmath.so.0.0.0: 1857 with id 2
[2m2024-04-10T15:35:34.982074Z[0m [34mDEBUG[0m [2mlightswitch::profiler[0m[2m:[0m -- unwind information covers PCs: [3020-2ee3d]
[2m2024-04-10T15:35:34.982079Z[0m [34mDEBUG[0m [1mchunk unwind info[0m[2m:[0m [2mlightswitch::profiler[0m[2m:[0m enter
[2m2024-04-10T15:35:34.982081Z[0m [34mDEBUG[0m [1mchunk unwind info[0m[2m:[0m [2mlightswitch::profiler[0m[2m:[0m -- space used so far in live shard 0 29605
[2m2024-04-10T15:35:34.982083Z[0m [34mDEBUG[0m [1mchunk unwind info[0m[2m:[0m [2mlightswitch::profiler[0m[2m:[0m -- live shard free space: 220395, rest_chunk size: 1857
[2m2024-04-10T15:35:34.982099Z[0m [34mDEBUG[0m [1mchunk unwind info[0m[2m:[0m [2mlightswitch::profiler[0m[2m:[0m -- chunk covers PCs [3020:2ee3d]
[2m2024-04-10T15:35:34.982101Z[0m [34mDEBUG[0m [1mchunk unwind info[0m[2m:[0m [2mlightswitch::profiler[0m[2m:[0m -- chunk is in shard: 0 in range [29605:31462]
[2m2024-04-10T15:35:34.982106Z[0m [34mDEBUG[0m [1mchunk unwind info[0m[2m:[0m [2mlightswitch::profiler[0m[2m:[0m done chunkin'
[2m2024-04-10T15:35:34.982109Z[0m [34mDEBUG[0m [1mchunk unwind info[0m[2m:[0m [2mlightswitch::profiler[0m[2m:[0m close [3mtime.busy[0m[2m=[0m29.8µs [3mtime.idle[0m[2m=[0m369ns
[2m2024-04-10T15:35:34.982115Z[0m [34mDEBUG[0m [2mlightswitch::profiler[0m[2m:[0m unwind info not found for executable
[2m2024-04-10T15:35:34.982117Z[0m [34mDEBUG[0m [1mcalling in_memory_unwind_info[0m[1m{[0m/nix/store/9820gagdrwfqwr0dncx4v3vznvahiqd1-gfortran-11.4.0-libgcc/lib/libgcc_s.so.1[1m}[0m[2m:[0m [2mlightswitch::profiler[0m[2m:[0m enter
[2m2024-04-10T15:35:34.982238Z[0m [34mDEBUG[0m [1mcalling in_memory_unwind_info[0m[1m{[0m/nix/store/9820gagdrwfqwr0dncx4v3vznvahiqd1-gfortran-11.4.0-libgcc/lib/libgcc_s.so.1[1m}[0m[2m:[0m [2mlightswitch::profiler[0m[2m:[0m close [3mtime.busy[0m[2m=[0m121µs [3mtime.idle[0m[2m=[0m358ns
[2m2024-04-10T15:35:34.982243Z[0m [34mDEBUG[0m [1msort unwind info[0m[2m:[0m [2mlightswitch::profiler[0m[2m:[0m enter
[2m2024-04-10T15:35:34.982266Z[0m [34mDEBUG[0m [1msort unwind info[0m[2m:[0m [2mlightswitch::profiler[0m[2m:[0m close [3mtime.busy[0m[2m=[0m23.4µs [3mtime.idle[0m[2m=[0m278ns
[2m2024-04-10T15:35:34.982270Z[0m [34mDEBUG[0m [1moptimize unwind info[0m[2m:[0m [2mlightswitch::profiler[0m[2m:[0m enter
[2m2024-04-10T15:35:34.982287Z[0m [34mDEBUG[0m [1moptimize unwind info[0m[2m:[0m [2mlightswitch::profiler[0m[2m:[0m close [3mtime.busy[0m[2m=[0m16.9µs [3mtime.idle[0m[2m=[0m311ns
[2m2024-04-10T15:35:34.982290Z[0m [34mDEBUG[0m [2mlightswitch::profiler[0m[2m:[0m ======== Unwind rows for executable /nix/store/9820gagdrwfqwr0dncx4v3vznvahiqd1-gfortran-11.4.0-libgcc/lib/libgcc_s.so.1: 1121 with id 3
[2m2024-04-10T15:35:34.982292Z[0m [34mDEBUG[0m [2mlightswitch::profiler[0m[2m:[0m -- unwind information covers PCs: [3020-14835]
[2m2024-04-10T15:35:34.982293Z[0m [34mDEBUG[0m [1mchunk unwind info[0m[2m:[0m [2mlightswitch::profiler[0m[2m:[0m enter
[2m2024-04-10T15:35:34.982295Z[0m [34mDEBUG[0m [1mchunk unwind info[0m[2m:[0m [2mlightswitch::profiler[0m[2m:[0m -- space used so far in live shard 0 31462
[2m2024-04-10T15:35:34.982297Z[0m [34mDEBUG[0m [1mchunk unwind info[0m[2m:[0m [2mlightswitch::profiler[0m[2m:[0m -- live shard free space: 218538, rest_chunk size: 1121
[2m2024-04-10T15:35:34.982308Z[0m [34mDEBUG[0m [1mchunk unwind info[0m[2m:[0m [2mlightswitch::profiler[0m[2m:[0m -- chunk covers PCs [3020:14835]
[2m2024-04-10T15:35:34.982310Z[0m [34mDEBUG[0m [1mchunk unwind info[0m[2m:[0m [2mlightswitch::profiler[0m[2m:[0m -- chunk is in shard: 0 in range [31462:32583]
[2m2024-04-10T15:35:34.982311Z[0m [34mDEBUG[0m [1mchunk unwind info[0m[2m:[0m [2mlightswitch::profiler[0m[2m:[0m done chunkin'
[2m2024-04-10T15:35:34.982314Z[0m [34mDEBUG[0m [1mchunk unwind info[0m[2m:[0m [2mlightswitch::profiler[0m[2m:[0m close [3mtime.busy[0m[2m=[0m20.0µs [3mtime.idle[0m[2m=[0m288ns
[2m2024-04-10T15:35:34.982319Z[0m [34mDEBUG[0m [2mlightswitch::profiler[0m[2m:[0m unwind info not found for executable
[2m2024-04-10T15:35:34.982321Z[0m [34mDEBUG[0m [1mcalling in_memory_unwind_info[0m[1m{[0m/nix/store/ddwyrxif62r8n6xclvskjyy6szdhvj60-glibc-2.39-5/lib/libm.so.6[1m}[0m[2m:[0m [2mlightswitch::profiler[0m[2m:[0m enter
[2m2024-04-10T15:35:34.982858Z[0m [34mDEBUG[0m [1mcalling in_memory_unwind_info[0m[1m{[0m/nix/store/ddwyrxif62r8n6xclvskjyy6szdhvj60-glibc-2.39-5/lib/libm.so.6[1m}[0m[2m:[0m [2mlightswitch::profiler[0m[2m:[0m close [3mtime.busy[0m[2m=[0m536µs [3mtime.idle[0m[2m=[0m412ns
[2m2024-04-10T15:35:34.982863Z[0m [34mDEBUG[0m [1msort unwind info[0m[2m:[0m [2mlightswitch::profiler[0m[2m:[0m enter
[2m2024-04-10T15:35:34.982907Z[0m [34mDEBUG[0m [1msort unwind info[0m[2m:[0m [2mlightswitch::profiler[0m[2m:[0m close [3mtime.busy[0m[2m=[0m44.4µs [3mtime.idle[0m[2m=[0m327ns
[2m2024-04-10T15:35:34.982911Z[0m [34mDEBUG[0m [1moptimize unwind info[0m[2m:[0m [2mlightswitch::profiler[0m[2m:[0m enter
[2m2024-04-10T15:35:34.982992Z[0m [34mDEBUG[0m [1moptimize unwind info[0m[2m:[0m [2mlightswitch::profiler[0m[2m:[0m close [3mtime.busy[0m[2m=[0m81.0µs [3mtime.idle[0m[2m=[0m325ns
[2m2024-04-10T15:35:34.982995Z[0m [34mDEBUG[0m [2mlightswitch::profiler[0m[2m:[0m ======== Unwind rows for executable /nix/store/ddwyrxif62r8n6xclvskjyy6szdhvj60-glibc-2.39-5/lib/libm.so.6: 6249 with id 4
[2m2024-04-10T15:35:34.982997Z[0m [34mDEBUG[0m [2mlightswitch::profiler[0m[2m:[0m -- unwind information covers PCs: [10020-86aa8]
[2m2024-04-10T15:35:34.982999Z[0m [34mDEBUG[0m [1mchunk unwind info[0m[2m:[0m [2mlightswitch::profiler[0m[2m:[0m enter
[2m2024-04-10T15:35:34.983000Z[0m [34mDEBUG[0m [1mchunk unwind info[0m[2m:[0m [2mlightswitch::profiler[0m[2m:[0m -- space used so far in live shard 0 32583
[2m2024-04-10T15:35:34.983002Z[0m [34mDEBUG[0m [1mchunk unwind info[0m[2m:[0m [2mlightswitch::profiler[0m[2m:[0m -- live shard free space: 217417, rest_chunk size: 6249
[2m2024-04-10T15:35:34.983050Z[0m [34mDEBUG[0m [1mchunk unwind info[0m[2m:[0m [2mlightswitch::profiler[0m[2m:[0m -- chunk covers PCs [10020:86aa8]
[2m2024-04-10T15:35:34.983052Z[0m [34mDEBUG[0m [1mchunk unwind info[0m[2m:[0m [2mlightswitch::profiler[0m[2m:[0m -- chunk is in shard: 0 in range [32583:38832]
[2m2024-04-10T15:35:34.983054Z[0m [34mDEBUG[0m [1mchunk unwind info[0m[2m:[0m [2mlightswitch::profiler[0m[2m:[0m done chunkin'
[2m2024-04-10T15:35:34.983056Z[0m [34mDEBUG[0m [1mchunk unwind info[0m[2m:[0m [2mlightswitch::profiler[0m[2m:[0m close [3mtime.busy[0m[2m=[0m57.4µs [3mtime.idle[0m[2m=[0m323ns
[2m2024-04-10T15:35:34.983062Z[0m [34mDEBUG[0m [2mlightswitch::profiler[0m[2m:[0m unwind info not found for executable
[2m2024-04-10T15:35:34.983064Z[0m [34mDEBUG[0m [1mcalling in_memory_unwind_info[0m[1m{[0m/nix/store/g64vfny6pd3gvbyik346l6azw5zls82y-gfortran-11.4.0-lib/lib/libgfortran.so.5.0.0[1m}[0m[2m:[0m [2mlightswitch::profiler[0m[2m:[0m enter
[2m2024-04-10T15:35:34.984959Z[0m [34mDEBUG[0m [1mcalling in_memory_unwind_info[0m[1m{[0m/nix/store/g64vfny6pd3gvbyik346l6azw5zls82y-gfortran-11.4.0-lib/lib/libgfortran.so.5.0.0[1m}[0m[2m:[0m [2mlightswitch::profiler[0m[2m:[0m close [3mtime.busy[0m[2m=[0m1.89ms [3mtime.idle[0m[2m=[0m359ns
[2m2024-04-10T15:35:34.984968Z[0m [34mDEBUG[0m [1msort unwind info[0m[2m:[0m [2mlightswitch::profiler[0m[2m:[0m enter
[2m2024-04-10T15:35:34.985247Z[0m [34mDEBUG[0m [1msort unwind info[0m[2m:[0m [2mlightswitch::profiler[0m[2m:[0m close [3mtime.busy[0m[2m=[0m278µs [3mtime.idle[0m[2m=[0m394ns
[2m2024-04-10T15:35:34.985252Z[0m [34mDEBUG[0m [1moptimize unwind info[0m[2m:[0m [2mlightswitch::profiler[0m[2m:[0m enter
[2m2024-04-10T15:35:34.985629Z[0m [34mDEBUG[0m [1moptimize unwind info[0m[2m:[0m [2mlightswitch::profiler[0m[2m:[0m close [3mtime.busy[0m[2m=[0m376µs [3mtime.idle[0m[2m=[0m507ns
[2m2024-04-10T15:35:34.985634Z[0m [34mDEBUG[0m [2mlightswitch::profiler[0m[2m:[0m ======== Unwind rows for executable /nix/store/g64vfny6pd3gvbyik346l6azw5zls82y-gfortran-11.4.0-lib/lib/libgfortran.so.5.0.0: 29421 with id 5
[2m2024-04-10T15:35:34.985636Z[0m [34mDEBUG[0m [2mlightswitch::profiler[0m[2m:[0m -- unwind information covers PCs: [1f020-279530]
[2m2024-04-10T15:35:34.985638Z[0m [34mDEBUG[0m [1mchunk unwind info[0m[2m:[0m [2mlightswitch::profiler[0m[2m:[0m enter
[2m2024-04-10T15:35:34.985640Z[0m [34mDEBUG[0m [1mchunk unwind info[0m[2m:[0m [2mlightswitch::profiler[0m[2m:[0m -- space used so far in live shard 0 38832
[2m2024-04-10T15:35:34.985642Z[0m [34mDEBUG[0m [1mchunk unwind info[0m[2m:[0m [2mlightswitch::profiler[0m[2m:[0m -- live shard free space: 211168, rest_chunk size: 29421
[2m2024-04-10T15:35:34.985865Z[0m [34mDEBUG[0m [1mchunk unwind info[0m[2m:[0m [2mlightswitch::profiler[0m[2m:[0m -- chunk covers PCs [1f020:279530]
[2m2024-04-10T15:35:34.985868Z[0m [34mDEBUG[0m [1mchunk unwind info[0m[2m:[0m [2mlightswitch::profiler[0m[2m:[0m -- chunk is in shard: 0 in range [38832:68253]
[2m2024-04-10T15:35:34.985870Z[0m [34mDEBUG[0m [1mchunk unwind info[0m[2m:[0m [2mlightswitch::profiler[0m[2m:[0m done chunkin'
[2m2024-04-10T15:35:34.985872Z[0m [34mDEBUG[0m [1mchunk unwind info[0m[2m:[0m [2mlightswitch::profiler[0m[2m:[0m close [3mtime.busy[0m[2m=[0m234µs [3mtime.idle[0m[2m=[0m384ns
[2m2024-04-10T15:35:34.985880Z[0m [34mDEBUG[0m [2mlightswitch::profiler[0m[2m:[0m unwind info not found for executable
[2m2024-04-10T15:35:34.985883Z[0m [34mDEBUG[0m [1mcalling in_memory_unwind_info[0m[1m{[0m/nix/store/ddwyrxif62r8n6xclvskjyy6szdhvj60-glibc-2.39-5/lib/ld-linux-x86-64.so.2[1m}[0m[2m:[0m [2mlightswitch::profiler[0m[2m:[0m enter
[2m2024-04-10T15:35:34.986108Z[0m [34mDEBUG[0m [1mcalling in_memory_unwind_info[0m[1m{[0m/nix/store/ddwyrxif62r8n6xclvskjyy6szdhvj60-glibc-2.39-5/lib/ld-linux-x86-64.so.2[1m}[0m[2m:[0m [2mlightswitch::profiler[0m[2m:[0m close [3mtime.busy[0m[2m=[0m225µs [3mtime.idle[0m[2m=[0m515ns
[2m2024-04-10T15:35:34.986116Z[0m [34mDEBUG[0m [1msort unwind info[0m[2m:[0m [2mlightswitch::profiler[0m[2m:[0m enter
[2m2024-04-10T15:35:34.986131Z[0m [34mDEBUG[0m [1msort unwind info[0m[2m:[0m [2mlightswitch::profiler[0m[2m:[0m close [3mtime.busy[0m[2m=[0m15.1µs [3mtime.idle[0m[2m=[0m356ns
[2m2024-04-10T15:35:34.986134Z[0m [34mDEBUG[0m [1moptimize unwind info[0m[2m:[0m [2mlightswitch::profiler[0m[2m:[0m enter
[2m2024-04-10T15:35:34.986170Z[0m [34mDEBUG[0m [1moptimize unwind info[0m[2m:[0m [2mlightswitch::profiler[0m[2m:[0m close [3mtime.busy[0m[2m=[0m35.7µs [3mtime.idle[0m[2m=[0m310ns
[2m2024-04-10T15:35:34.986173Z[0m [34mDEBUG[0m [2mlightswitch::profiler[0m[2m:[0m ======== Unwind rows for executable /nix/store/ddwyrxif62r8n6xclvskjyy6szdhvj60-glibc-2.39-5/lib/ld-linux-x86-64.so.2: 2583 with id 6
[2m2024-04-10T15:35:34.986175Z[0m [34mDEBUG[0m [2mlightswitch::profiler[0m[2m:[0m -- unwind information covers PCs: [1000-26d95]
[2m2024-04-10T15:35:34.986177Z[0m [34mDEBUG[0m [1mchunk unwind info[0m[2m:[0m [2mlightswitch::profiler[0m[2m:[0m enter
[2m2024-04-10T15:35:34.986179Z[0m [34mDEBUG[0m [1mchunk unwind info[0m[2m:[0m [2mlightswitch::profiler[0m[2m:[0m -- space used so far in live shard 0 68253
[2m2024-04-10T15:35:34.986181Z[0m [34mDEBUG[0m [1mchunk unwind info[0m[2m:[0m [2mlightswitch::profiler[0m[2m:[0m -- live shard free space: 181747, rest_chunk size: 2583
[2m2024-04-10T15:35:34.986202Z[0m [34mDEBUG[0m [1mchunk unwind info[0m[2m:[0m [2mlightswitch::profiler[0m[2m:[0m -- chunk covers PCs [1000:26d95]
[2m2024-04-10T15:35:34.986204Z[0m [34mDEBUG[0m [1mchunk unwind info[0m[2m:[0m [2mlightswitch::profiler[0m[2m:[0m -- chunk is in shard: 0 in range [68253:70836]
[2m2024-04-10T15:35:34.986206Z[0m [34mDEBUG[0m [1mchunk unwind info[0m[2m:[0m [2mlightswitch::profiler[0m[2m:[0m done chunkin'
[2m2024-04-10T15:35:34.986208Z[0m [34mDEBUG[0m [1mchunk unwind info[0m[2m:[0m [2mlightswitch::profiler[0m[2m:[0m close [3mtime.busy[0m[2m=[0m31.3µs [3mtime.idle[0m[2m=[0m312ns
[2m2024-04-10T15:35:34.986223Z[0m [34mDEBUG[0m [1mpersist_unwind_info[0m[2m:[0m [2mlightswitch::profiler[0m[2m:[0m enter
[2m2024-04-10T15:35:34.988221Z[0m [34mDEBUG[0m [1mpersist_unwind_info[0m[2m:[0m [2mlightswitch::profiler[0m[2m:[0m close [3mtime.busy[0m[2m=[0m2.00ms [3mtime.idle[0m[2m=[0m304ns
[2m2024-04-10T15:35:39.961627Z[0m [34mDEBUG[0m [2mlightswitch::profiler[0m[2m:[0m collecting profiles on schedule
[2m2024-04-10T15:35:39.961648Z[0m [34mDEBUG[0m [2mlightswitch::profiler[0m[2m:[0m collecting profile
[2m2024-04-10T15:35:39.963309Z[0m [34mDEBUG[0m [2mlightswitch::profiler[0m[2m:[0m ===== got 353 unique stacks
[2m2024-04-10T15:35:39.963333Z[0m [32m INFO[0m [2mlightswitch::profiler[0m[2m:[0m unwinder stats: unwinder_stats_t { total: 503, success_dwarf: 503, error_truncated: 0, error_unsupported_expression: 0, error_unsupported_frame_pointer_action: 0, error_unsupported_cfa_register: 0, error_catchall: 0, error_should_never_happen: 0, error_pc_not_covered: 0, error_jit: 0 }
[2m2024-04-10T15:35:39.963344Z[0m [34mDEBUG[0m [1mclear_maps[0m[2m:[0m [2mlightswitch::profiler[0m[2m:[0m enter
[2m2024-04-10T15:35:39.963863Z[0m [34mDEBUG[0m [1mclear_maps[0m[2m:[0m [2mlightswitch::profiler[0m[2m:[0m clearing map stacks found 345 entries, failed to delete 0 entries
[2m2024-04-10T15:35:39.964190Z[0m [34mDEBUG[0m [1mclear_maps[0m[2m:[0m [2mlightswitch::profiler[0m[2m:[0m clearing map aggregated_stacks found 353 entries, failed to delete 0 entries
[2m2024-04-10T15:35:39.964198Z[0m [34mDEBUG[0m [1mclear_maps[0m[2m:[0m [2mlightswitch::profiler[0m[2m:[0m close [3mtime.busy[0m[2m=[0m854µs [3mtime.idle[0m[2m=[0m1.50µs
[2m2024-04-10T15:35:44.965010Z[0m [34mDEBUG[0m [2mlightswitch::profiler[0m[2m:[0m collecting profiles on schedule
[2m2024-04-10T15:35:44.965019Z[0m [34mDEBUG[0m [2mlightswitch::profiler[0m[2m:[0m collecting profile
[2m2024-04-10T15:35:44.966640Z[0m [34mDEBUG[0m [2mlightswitch::profiler[0m[2m:[0m ===== got 348 unique stacks
[2m2024-04-10T15:35:44.966663Z[0m [32m INFO[0m [2mlightswitch::profiler[0m[2m:[0m unwinder stats: unwinder_stats_t { total: 505, success_dwarf: 505, error_truncated: 0, error_unsupported_expression: 0, error_unsupported_frame_pointer_action: 0, error_unsupported_cfa_register: 0, error_catchall: 0, error_should_never_happen: 0, error_pc_not_covered: 0, error_jit: 0 }
[2m2024-04-10T15:35:44.966672Z[0m [34mDEBUG[0m [1mclear_maps[0m[2m:[0m [2mlightswitch::profiler[0m[2m:[0m enter
[2m2024-04-10T15:35:44.967191Z[0m [34mDEBUG[0m [1mclear_maps[0m[2m:[0m [2mlightswitch::profiler[0m[2m:[0m clearing map stacks found 336 entries, failed to delete 0 entries
[2m2024-04-10T15:35:44.967505Z[0m [34mDEBUG[0m [1mclear_maps[0m[2m:[0m [2mlightswitch::profiler[0m[2m:[0m clearing map aggregated_stacks found 348 entries, failed to delete 0 entries
[2m2024-04-10T15:35:44.967509Z[0m [34mDEBUG[0m [1mclear_maps[0m[2m:[0m [2mlightswitch::profiler[0m[2m:[0m close [3mtime.busy[0m[2m=[0m837µs [3mtime.idle[0m[2m=[0m946ns
[2m2024-04-10T15:35:49.968245Z[0m [34mDEBUG[0m [2mlightswitch::profiler[0m[2m:[0m collecting profiles on schedule
[2m2024-04-10T15:35:49.968263Z[0m [34mDEBUG[0m [2mlightswitch::profiler[0m[2m:[0m collecting profile
[2m2024-04-10T15:35:49.969959Z[0m [34mDEBUG[0m [2mlightswitch::profiler[0m[2m:[0m ===== got 353 unique stacks
[2m2024-04-10T15:35:49.969982Z[0m [32m INFO[0m [2mlightswitch::profiler[0m[2m:[0m unwinder stats: unwinder_stats_t { total: 505, success_dwarf: 505, error_truncated: 0, error_unsupported_expression: 0, error_unsupported_frame_pointer_action: 0, error_unsupported_cfa_register: 0, error_catchall: 0, error_should_never_happen: 0, error_pc_not_covered: 0, error_jit: 0 }
[2m2024-04-10T15:35:49.969994Z[0m [34mDEBUG[0m [1mclear_maps[0m[2m:[0m [2mlightswitch::profiler[0m[2m:[0m enter
[2m2024-04-10T15:35:49.970526Z[0m [34mDEBUG[0m [1mclear_maps[0m[2m:[0m [2mlightswitch::profiler[0m[2m:[0m clearing map stacks found 344 entries, failed to delete 0 entries
[2m2024-04-10T15:35:49.970848Z[0m [34mDEBUG[0m [1mclear_maps[0m[2m:[0m [2mlightswitch::profiler[0m[2m:[0m clearing map aggregated_stacks found 353 entries, failed to delete 0 entries
[2m2024-04-10T15:35:49.970853Z[0m [34mDEBUG[0m [1mclear_maps[0m[2m:[0m [2mlightswitch::profiler[0m[2m:[0m close [3mtime.busy[0m[2m=[0m859µs [3mtime.idle[0m[2m=[0m1.68µs
[2m2024-04-10T15:35:54.961627Z[0m [34mDEBUG[0m [2mlightswitch::profiler[0m[2m:[0m done after running for 20.000002121s
[2m2024-04-10T15:35:54.961641Z[0m [34mDEBUG[0m [2mlightswitch::profiler[0m[2m:[0m collecting profile
[2m2024-04-10T15:35:54.963271Z[0m [34mDEBUG[0m [2mlightswitch::profiler[0m[2m:[0m ===== got 343 unique stacks
[2m2024-04-10T15:35:54.963293Z[0m [32m INFO[0m [2mlightswitch::profiler[0m[2m:[0m unwinder stats: unwinder_stats_t { total: 504, success_dwarf: 504, error_truncated: 0, error_unsupported_expression: 0, error_unsupported_frame_pointer_action: 0, error_unsupported_cfa_register: 0, error_catchall: 0, error_should_never_happen: 0, error_pc_not_covered: 0, error_jit: 0 }
[2m2024-04-10T15:35:54.963305Z[0m [34mDEBUG[0m [1mclear_maps[0m[2m:[0m [2mlightswitch::profiler[0m[2m:[0m enter
[2m2024-04-10T15:35:54.963811Z[0m [34mDEBUG[0m [1mclear_maps[0m[2m:[0m [2mlightswitch::profiler[0m[2m:[0m clearing map stacks found 333 entries, failed to delete 0 entries
[2m2024-04-10T15:35:54.964126Z[0m [34mDEBUG[0m [1mclear_maps[0m[2m:[0m [2mlightswitch::profiler[0m[2m:[0m clearing map aggregated_stacks found 343 entries, failed to delete 0 entries
[2m2024-04-10T15:35:54.964134Z[0m [34mDEBUG[0m [1mclear_maps[0m[2m:[0m [2mlightswitch::profiler[0m[2m:[0m close [3mtime.busy[0m[2m=[0m828µs [3mtime.idle[0m[2m=[0m1.84µs
[2m2024-04-10T15:35:54.965495Z[0m [34mDEBUG[0m [1msymbolize_profiles[0m[2m:[0m [2mlightswitch::collector[0m[2m:[0m enter
[2m2024-04-10T15:35:54.965503Z[0m [34mDEBUG[0m [1msymbolize_profiles[0m[2m:[0m [2mlightswitch::collector[0m[2m:[0m Collector::finish 4
[2m2024-04-10T15:35:55.376379Z[0m [34mDEBUG[0m [1msymbolize_profiles[0m[2m:[0m [2mlightswitch::collector[0m[2m:[0m close [3mtime.busy[0m[2m=[0m411ms [3mtime.idle[0m[2m=[0m711ns
