[2m2024-04-10T15:36:34.604476Z[0m [33m WARN[0m [2mlightswitch::profiler[0m[2m:[0m samples might be lost due to too many samples in a profile session
[2m2024-04-10T15:36:34.625540Z[0m [34mDEBUG[0m [2mlightswitch::profiler[0m[2m:[0m unwind info not found for executable
[2m2024-04-10T15:36:34.625571Z[0m [34mDEBUG[0m [1mcalling in_memory_unwind_info[0m[1m{[0m/nix/store/6lkrwh4734d093sam78g0j97lnhfaqmf-build-test-f77-prog/bin/basic_f77_stack_O1[1m}[0m[2m:[0m [2mlightswitch::profiler[0m[2m:[0m enter
[2m2024-04-10T15:36:34.625613Z[0m [34mDEBUG[0m [1mcalling in_memory_unwind_info[0m[1m{[0m/nix/store/6lkrwh4734d093sam78g0j97lnhfaqmf-build-test-f77-prog/bin/basic_f77_stack_O1[1m}[0m[2m:[0m [2mlightswitch::profiler[0m[2m:[0m close [3mtime.busy[0m[2m=[0m41.4µs [3mtime.idle[0m[2m=[0m2.46µs
[2m2024-04-10T15:36:34.625621Z[0m [34mDEBUG[0m [1msort unwind info[0m[2m:[0m [2mlightswitch::profiler[0m[2m:[0m enter
[2m2024-04-10T15:36:34.625624Z[0m [34mDEBUG[0m [1msort unwind info[0m[2m:[0m [2mlightswitch::profiler[0m[2m:[0m close [3mtime.busy[0m[2m=[0m3.80µs [3mtime.idle[0m[2m=[0m420ns
[2m2024-04-10T15:36:34.625629Z[0m [34mDEBUG[0m [1moptimize unwind info[0m[2m:[0m [2mlightswitch::profiler[0m[2m:[0m enter
[2m2024-04-10T15:36:34.625634Z[0m [34mDEBUG[0m [1moptimize unwind info[0m[2m:[0m [2mlightswitch::profiler[0m[2m:[0m close [3mtime.busy[0m[2m=[0m5.03µs [3mtime.idle[0m[2m=[0m361ns
[2m2024-04-10T15:36:34.625638Z[0m [34mDEBUG[0m [2mlightswitch::profiler[0m[2m:[0m ======== Unwind rows for executable /nix/store/6lkrwh4734d093sam78g0j97lnhfaqmf-build-test-f77-prog/bin/basic_f77_stack_O1: 51 with id 0
[2m2024-04-10T15:36:34.625640Z[0m [34mDEBUG[0m [2mlightswitch::profiler[0m[2m:[0m -- unwind information covers PCs: [401020-4013be]
[2m2024-04-10T15:36:34.625642Z[0m [34mDEBUG[0m [1mchunk unwind info[0m[2m:[0m [2mlightswitch::profiler[0m[2m:[0m enter
[2m2024-04-10T15:36:34.625645Z[0m [34mDEBUG[0m [1mchunk unwind info[0m[2m:[0m [2mlightswitch::profiler[0m[2m:[0m -- space used so far in live shard 0 0
[2m2024-04-10T15:36:34.625647Z[0m [34mDEBUG[0m [1mchunk unwind info[0m[2m:[0m [2mlightswitch::profiler[0m[2m:[0m -- live shard free space: 250000, rest_chunk size: 51
[2m2024-04-10T15:36:34.625650Z[0m [34mDEBUG[0m [1mchunk unwind info[0m[2m:[0m [2mlightswitch::profiler[0m[2m:[0m -- chunk covers PCs [401020:4013be]
[2m2024-04-10T15:36:34.625652Z[0m [34mDEBUG[0m [1mchunk unwind info[0m[2m:[0m [2mlightswitch::profiler[0m[2m:[0m -- chunk is in shard: 0 in range [0:51]
[2m2024-04-10T15:36:34.625654Z[0m [34mDEBUG[0m [1mchunk unwind info[0m[2m:[0m [2mlightswitch::profiler[0m[2m:[0m done chunkin'
[2m2024-04-10T15:36:34.625656Z[0m [34mDEBUG[0m [1mchunk unwind info[0m[2m:[0m [2mlightswitch::profiler[0m[2m:[0m close [3mtime.busy[0m[2m=[0m13.6µs [3mtime.idle[0m[2m=[0m327ns
[2m2024-04-10T15:36:34.625667Z[0m [34mDEBUG[0m [2mlightswitch::profiler[0m[2m:[0m unwind info not found for executable
[2m2024-04-10T15:36:34.625669Z[0m [34mDEBUG[0m [1mcalling in_memory_unwind_info[0m[1m{[0m/nix/store/ddwyrxif62r8n6xclvskjyy6szdhvj60-glibc-2.39-5/lib/libc.so.6[1m}[0m[2m:[0m [2mlightswitch::profiler[0m[2m:[0m enter
[2m2024-04-10T15:36:34.627964Z[0m [34mDEBUG[0m [1mcalling in_memory_unwind_info[0m[1m{[0m/nix/store/ddwyrxif62r8n6xclvskjyy6szdhvj60-glibc-2.39-5/lib/libc.so.6[1m}[0m[2m:[0m [2mlightswitch::profiler[0m[2m:[0m close [3mtime.busy[0m[2m=[0m2.29ms [3mtime.idle[0m[2m=[0m501ns
[2m2024-04-10T15:36:34.627976Z[0m [34mDEBUG[0m [1msort unwind info[0m[2m:[0m [2mlightswitch::profiler[0m[2m:[0m enter
[2m2024-04-10T15:36:34.628832Z[0m [34mDEBUG[0m [1msort unwind info[0m[2m:[0m [2mlightswitch::profiler[0m[2m:[0m close [3mtime.busy[0m[2m=[0m856µs [3mtime.idle[0m[2m=[0m500ns
[2m2024-04-10T15:36:34.628840Z[0m [34mDEBUG[0m [1moptimize unwind info[0m[2m:[0m [2mlightswitch::profiler[0m[2m:[0m enter
[2m2024-04-10T15:36:34.629556Z[0m [34mDEBUG[0m [1moptimize unwind info[0m[2m:[0m [2mlightswitch::profiler[0m[2m:[0m close [3mtime.busy[0m[2m=[0m715µs [3mtime.idle[0m[2m=[0m472ns
[2m2024-04-10T15:36:34.629568Z[0m [34mDEBUG[0m [2mlightswitch::profiler[0m[2m:[0m ======== Unwind rows for executable /nix/store/ddwyrxif62r8n6xclvskjyy6szdhvj60-glibc-2.39-5/lib/libc.so.6: 29557 with id 1
[2m2024-04-10T15:36:34.629570Z[0m [34mDEBUG[0m [2mlightswitch::profiler[0m[2m:[0m -- unwind information covers PCs: [28000-183f6d]
[2m2024-04-10T15:36:34.629573Z[0m [34mDEBUG[0m [1mchunk unwind info[0m[2m:[0m [2mlightswitch::profiler[0m[2m:[0m enter
[2m2024-04-10T15:36:34.629576Z[0m [34mDEBUG[0m [1mchunk unwind info[0m[2m:[0m [2mlightswitch::profiler[0m[2m:[0m -- space used so far in live shard 0 51
[2m2024-04-10T15:36:34.629578Z[0m [34mDEBUG[0m [1mchunk unwind info[0m[2m:[0m [2mlightswitch::profiler[0m[2m:[0m -- live shard free space: 249949, rest_chunk size: 29557
[2m2024-04-10T15:36:34.629926Z[0m [34mDEBUG[0m [1mchunk unwind info[0m[2m:[0m [2mlightswitch::profiler[0m[2m:[0m -- chunk covers PCs [28000:183f6d]
[2m2024-04-10T15:36:34.629930Z[0m [34mDEBUG[0m [1mchunk unwind info[0m[2m:[0m [2mlightswitch::profiler[0m[2m:[0m -- chunk is in shard: 0 in range [51:29608]
[2m2024-04-10T15:36:34.629932Z[0m [34mDEBUG[0m [1mchunk unwind info[0m[2m:[0m [2mlightswitch::profiler[0m[2m:[0m done chunkin'
[2m2024-04-10T15:36:34.629934Z[0m [34mDEBUG[0m [1mchunk unwind info[0m[2m:[0m [2mlightswitch::profiler[0m[2m:[0m close [3mtime.busy[0m[2m=[0m361µs [3mtime.idle[0m[2m=[0m628ns
[2m2024-04-10T15:36:34.629944Z[0m [34mDEBUG[0m [2mlightswitch::profiler[0m[2m:[0m unwind info not found for executable
[2m2024-04-10T15:36:34.629947Z[0m [34mDEBUG[0m [1mcalling in_memory_unwind_info[0m[1m{[0m/nix/store/g64vfny6pd3gvbyik346l6azw5zls82y-gfortran-11.4.0-lib/lib/libquadmath.so.0.0.0[1m}[0m[2m:[0m [2mlightswitch::profiler[0m[2m:[0m enter
[2m2024-04-10T15:36:34.630143Z[0m [34mDEBUG[0m [1mcalling in_memory_unwind_info[0m[1m{[0m/nix/store/g64vfny6pd3gvbyik346l6azw5zls82y-gfortran-11.4.0-lib/lib/libquadmath.so.0.0.0[1m}[0m[2m:[0m [2mlightswitch::profiler[0m[2m:[0m close [3mtime.busy[0m[2m=[0m196µs [3mtime.idle[0m[2m=[0m433ns
[2m2024-04-10T15:36:34.630151Z[0m [34mDEBUG[0m [1msort unwind info[0m[2m:[0m [2mlightswitch::profiler[0m[2m:[0m enter
[2m2024-04-10T15:36:34.630165Z[0m [34mDEBUG[0m [1msort unwind info[0m[2m:[0m [2mlightswitch::profiler[0m[2m:[0m close [3mtime.busy[0m[2m=[0m13.8µs [3mtime.idle[0m[2m=[0m360ns
[2m2024-04-10T15:36:34.630168Z[0m [34mDEBUG[0m [1moptimize unwind info[0m[2m:[0m [2mlightswitch::profiler[0m[2m:[0m enter
[2m2024-04-10T15:36:34.630198Z[0m [34mDEBUG[0m [1moptimize unwind info[0m[2m:[0m [2mlightswitch::profiler[0m[2m:[0m close [3mtime.busy[0m[2m=[0m29.6µs [3mtime.idle[0m[2m=[0m347ns
[2m2024-04-10T15:36:34.630202Z[0m [34mDEBUG[0m [2mlightswitch::profiler[0m[2m:[0m ======== Unwind rows for executable /nix/store/g64vfny6pd3gvbyik346l6azw5zls82y-gfortran-11.4.0-lib/lib/libquadmath.so.0.0.0: 1857 with id 2
[2m2024-04-10T15:36:34.630204Z[0m [34mDEBUG[0m [2mlightswitch::profiler[0m[2m:[0m -- unwind information covers PCs: [3020-2ee3d]
[2m2024-04-10T15:36:34.630205Z[0m [34mDEBUG[0m [1mchunk unwind info[0m[2m:[0m [2mlightswitch::profiler[0m[2m:[0m enter
[2m2024-04-10T15:36:34.630207Z[0m [34mDEBUG[0m [1mchunk unwind info[0m[2m:[0m [2mlightswitch::profiler[0m[2m:[0m -- space used so far in live shard 0 29608
[2m2024-04-10T15:36:34.630209Z[0m [34mDEBUG[0m [1mchunk unwind info[0m[2m:[0m [2mlightswitch::profiler[0m[2m:[0m -- live shard free space: 220392, rest_chunk size: 1857
[2m2024-04-10T15:36:34.630224Z[0m [34mDEBUG[0m [1mchunk unwind info[0m[2m:[0m [2mlightswitch::profiler[0m[2m:[0m -- chunk covers PCs [3020:2ee3d]
[2m2024-04-10T15:36:34.630226Z[0m [34mDEBUG[0m [1mchunk unwind info[0m[2m:[0m [2mlightswitch::profiler[0m[2m:[0m -- chunk is in shard: 0 in range [29608:31465]
[2m2024-04-10T15:36:34.630232Z[0m [34mDEBUG[0m [1mchunk unwind info[0m[2m:[0m [2mlightswitch::profiler[0m[2m:[0m done chunkin'
[2m2024-04-10T15:36:34.630234Z[0m [34mDEBUG[0m [1mchunk unwind info[0m[2m:[0m [2mlightswitch::profiler[0m[2m:[0m close [3mtime.busy[0m[2m=[0m28.5µs [3mtime.idle[0m[2m=[0m297ns
[2m2024-04-10T15:36:34.630240Z[0m [34mDEBUG[0m [2mlightswitch::profiler[0m[2m:[0m unwind info not found for executable
[2m2024-04-10T15:36:34.630243Z[0m [34mDEBUG[0m [1mcalling in_memory_unwind_info[0m[1m{[0m/nix/store/9820gagdrwfqwr0dncx4v3vznvahiqd1-gfortran-11.4.0-libgcc/lib/libgcc_s.so.1[1m}[0m[2m:[0m [2mlightswitch::profiler[0m[2m:[0m enter
[2m2024-04-10T15:36:34.630368Z[0m [34mDEBUG[0m [1mcalling in_memory_unwind_info[0m[1m{[0m/nix/store/9820gagdrwfqwr0dncx4v3vznvahiqd1-gfortran-11.4.0-libgcc/lib/libgcc_s.so.1[1m}[0m[2m:[0m [2mlightswitch::profiler[0m[2m:[0m close [3mtime.busy[0m[2m=[0m125µs [3mtime.idle[0m[2m=[0m336ns
[2m2024-04-10T15:36:34.630373Z[0m [34mDEBUG[0m [1msort unwind info[0m[2m:[0m [2mlightswitch::profiler[0m[2m:[0m enter
[2m2024-04-10T15:36:34.630396Z[0m [34mDEBUG[0m [1msort unwind info[0m[2m:[0m [2mlightswitch::profiler[0m[2m:[0m close [3mtime.busy[0m[2m=[0m23.2µs [3mtime.idle[0m[2m=[0m309ns
[2m2024-04-10T15:36:34.630399Z[0m [34mDEBUG[0m [1moptimize unwind info[0m[2m:[0m [2mlightswitch::profiler[0m[2m:[0m enter
[2m2024-04-10T15:36:34.630417Z[0m [34mDEBUG[0m [1moptimize unwind info[0m[2m:[0m [2mlightswitch::profiler[0m[2m:[0m close [3mtime.busy[0m[2m=[0m17.1µs [3mtime.idle[0m[2m=[0m269ns
[2m2024-04-10T15:36:34.630419Z[0m [34mDEBUG[0m [2mlightswitch::profiler[0m[2m:[0m ======== Unwind rows for executable /nix/store/9820gagdrwfqwr0dncx4v3vznvahiqd1-gfortran-11.4.0-libgcc/lib/libgcc_s.so.1: 1121 with id 3
[2m2024-04-10T15:36:34.630421Z[0m [34mDEBUG[0m [2mlightswitch::profiler[0m[2m:[0m -- unwind information covers PCs: [3020-14835]
[2m2024-04-10T15:36:34.630423Z[0m [34mDEBUG[0m [1mchunk unwind info[0m[2m:[0m [2mlightswitch::profiler[0m[2m:[0m enter
[2m2024-04-10T15:36:34.630425Z[0m [34mDEBUG[0m [1mchunk unwind info[0m[2m:[0m [2mlightswitch::profiler[0m[2m:[0m -- space used so far in live shard 0 31465
[2m2024-04-10T15:36:34.630427Z[0m [34mDEBUG[0m [1mchunk unwind info[0m[2m:[0m [2mlightswitch::profiler[0m[2m:[0m -- live shard free space: 218535, rest_chunk size: 1121
[2m2024-04-10T15:36:34.630437Z[0m [34mDEBUG[0m [1mchunk unwind info[0m[2m:[0m [2mlightswitch::profiler[0m[2m:[0m -- chunk covers PCs [3020:14835]
[2m2024-04-10T15:36:34.630439Z[0m [34mDEBUG[0m [1mchunk unwind info[0m[2m:[0m [2mlightswitch::profiler[0m[2m:[0m -- chunk is in shard: 0 in range [31465:32586]
[2m2024-04-10T15:36:34.630441Z[0m [34mDEBUG[0m [1mchunk unwind info[0m[2m:[0m [2mlightswitch::profiler[0m[2m:[0m done chunkin'
[2m2024-04-10T15:36:34.630443Z[0m [34mDEBUG[0m [1mchunk unwind info[0m[2m:[0m [2mlightswitch::profiler[0m[2m:[0m close [3mtime.busy[0m[2m=[0m19.6µs [3mtime.idle[0m[2m=[0m264ns
[2m2024-04-10T15:36:34.630449Z[0m [34mDEBUG[0m [2mlightswitch::profiler[0m[2m:[0m unwind info not found for executable
[2m2024-04-10T15:36:34.630451Z[0m [34mDEBUG[0m [1mcalling in_memory_unwind_info[0m[1m{[0m/nix/store/ddwyrxif62r8n6xclvskjyy6szdhvj60-glibc-2.39-5/lib/libm.so.6[1m}[0m[2m:[0m [2mlightswitch::profiler[0m[2m:[0m enter
[2m2024-04-10T15:36:34.631010Z[0m [34mDEBUG[0m [1mcalling in_memory_unwind_info[0m[1m{[0m/nix/store/ddwyrxif62r8n6xclvskjyy6szdhvj60-glibc-2.39-5/lib/libm.so.6[1m}[0m[2m:[0m [2mlightswitch::profiler[0m[2m:[0m close [3mtime.busy[0m[2m=[0m559µs [3mtime.idle[0m[2m=[0m417ns
[2m2024-04-10T15:36:34.631015Z[0m [34mDEBUG[0m [1msort unwind info[0m[2m:[0m [2mlightswitch::profiler[0m[2m:[0m enter
[2m2024-04-10T15:36:34.631059Z[0m [34mDEBUG[0m [1msort unwind info[0m[2m:[0m [2mlightswitch::profiler[0m[2m:[0m close [3mtime.busy[0m[2m=[0m44.1µs [3mtime.idle[0m[2m=[0m302ns
[2m2024-04-10T15:36:34.631062Z[0m [34mDEBUG[0m [1moptimize unwind info[0m[2m:[0m [2mlightswitch::profiler[0m[2m:[0m enter
[2m2024-04-10T15:36:34.631148Z[0m [34mDEBUG[0m [1moptimize unwind info[0m[2m:[0m [2mlightswitch::profiler[0m[2m:[0m close [3mtime.busy[0m[2m=[0m85.4µs [3mtime.idle[0m[2m=[0m310ns
[2m2024-04-10T15:36:34.631153Z[0m [34mDEBUG[0m [2mlightswitch::profiler[0m[2m:[0m ======== Unwind rows for executable /nix/store/ddwyrxif62r8n6xclvskjyy6szdhvj60-glibc-2.39-5/lib/libm.so.6: 6249 with id 4
[2m2024-04-10T15:36:34.631155Z[0m [34mDEBUG[0m [2mlightswitch::profiler[0m[2m:[0m -- unwind information covers PCs: [10020-86aa8]
[2m2024-04-10T15:36:34.631157Z[0m [34mDEBUG[0m [1mchunk unwind info[0m[2m:[0m [2mlightswitch::profiler[0m[2m:[0m enter
[2m2024-04-10T15:36:34.631159Z[0m [34mDEBUG[0m [1mchunk unwind info[0m[2m:[0m [2mlightswitch::profiler[0m[2m:[0m -- space used so far in live shard 0 32586
[2m2024-04-10T15:36:34.631161Z[0m [34mDEBUG[0m [1mchunk unwind info[0m[2m:[0m [2mlightswitch::profiler[0m[2m:[0m -- live shard free space: 217414, rest_chunk size: 6249
[2m2024-04-10T15:36:34.631206Z[0m [34mDEBUG[0m [1mchunk unwind info[0m[2m:[0m [2mlightswitch::profiler[0m[2m:[0m -- chunk covers PCs [10020:86aa8]
[2m2024-04-10T15:36:34.631209Z[0m [34mDEBUG[0m [1mchunk unwind info[0m[2m:[0m [2mlightswitch::profiler[0m[2m:[0m -- chunk is in shard: 0 in range [32586:38835]
[2m2024-04-10T15:36:34.631210Z[0m [34mDEBUG[0m [1mchunk unwind info[0m[2m:[0m [2mlightswitch::profiler[0m[2m:[0m done chunkin'
[2m2024-04-10T15:36:34.631212Z[0m [34mDEBUG[0m [1mchunk unwind info[0m[2m:[0m [2mlightswitch::profiler[0m[2m:[0m close [3mtime.busy[0m[2m=[0m55.4µs [3mtime.idle[0m[2m=[0m340ns
[2m2024-04-10T15:36:34.631219Z[0m [34mDEBUG[0m [2mlightswitch::profiler[0m[2m:[0m unwind info not found for executable
[2m2024-04-10T15:36:34.631221Z[0m [34mDEBUG[0m [1mcalling in_memory_unwind_info[0m[1m{[0m/nix/store/g64vfny6pd3gvbyik346l6azw5zls82y-gfortran-11.4.0-lib/lib/libgfortran.so.5.0.0[1m}[0m[2m:[0m [2mlightswitch::profiler[0m[2m:[0m enter
[2m2024-04-10T15:36:34.633116Z[0m [34mDEBUG[0m [1mcalling in_memory_unwind_info[0m[1m{[0m/nix/store/g64vfny6pd3gvbyik346l6azw5zls82y-gfortran-11.4.0-lib/lib/libgfortran.so.5.0.0[1m}[0m[2m:[0m [2mlightswitch::profiler[0m[2m:[0m close [3mtime.busy[0m[2m=[0m1.89ms [3mtime.idle[0m[2m=[0m358ns
[2m2024-04-10T15:36:34.633125Z[0m [34mDEBUG[0m [1msort unwind info[0m[2m:[0m [2mlightswitch::profiler[0m[2m:[0m enter
[2m2024-04-10T15:36:34.633399Z[0m [34mDEBUG[0m [1msort unwind info[0m[2m:[0m [2mlightswitch::profiler[0m[2m:[0m close [3mtime.busy[0m[2m=[0m274µs [3mtime.idle[0m[2m=[0m369ns
[2m2024-04-10T15:36:34.633403Z[0m [34mDEBUG[0m [1moptimize unwind info[0m[2m:[0m [2mlightswitch::profiler[0m[2m:[0m enter
[2m2024-04-10T15:36:34.633775Z[0m [34mDEBUG[0m [1moptimize unwind info[0m[2m:[0m [2mlightswitch::profiler[0m[2m:[0m close [3mtime.busy[0m[2m=[0m372µs [3mtime.idle[0m[2m=[0m369ns
[2m2024-04-10T15:36:34.633780Z[0m [34mDEBUG[0m [2mlightswitch::profiler[0m[2m:[0m ======== Unwind rows for executable /nix/store/g64vfny6pd3gvbyik346l6azw5zls82y-gfortran-11.4.0-lib/lib/libgfortran.so.5.0.0: 29421 with id 5
[2m2024-04-10T15:36:34.633782Z[0m [34mDEBUG[0m [2mlightswitch::profiler[0m[2m:[0m -- unwind information covers PCs: [1f020-279530]
[2m2024-04-10T15:36:34.633784Z[0m [34mDEBUG[0m [1mchunk unwind info[0m[2m:[0m [2mlightswitch::profiler[0m[2m:[0m enter
[2m2024-04-10T15:36:34.633786Z[0m [34mDEBUG[0m [1mchunk unwind info[0m[2m:[0m [2mlightswitch::profiler[0m[2m:[0m -- space used so far in live shard 0 38835
[2m2024-04-10T15:36:34.633788Z[0m [34mDEBUG[0m [1mchunk unwind info[0m[2m:[0m [2mlightswitch::profiler[0m[2m:[0m -- live shard free space: 211165, rest_chunk size: 29421
[2m2024-04-10T15:36:34.634009Z[0m [34mDEBUG[0m [1mchunk unwind info[0m[2m:[0m [2mlightswitch::profiler[0m[2m:[0m -- chunk covers PCs [1f020:279530]
[2m2024-04-10T15:36:34.634013Z[0m [34mDEBUG[0m [1mchunk unwind info[0m[2m:[0m [2mlightswitch::profiler[0m[2m:[0m -- chunk is in shard: 0 in range [38835:68256]
[2m2024-04-10T15:36:34.634014Z[0m [34mDEBUG[0m [1mchunk unwind info[0m[2m:[0m [2mlightswitch::profiler[0m[2m:[0m done chunkin'
[2m2024-04-10T15:36:34.634017Z[0m [34mDEBUG[0m [1mchunk unwind info[0m[2m:[0m [2mlightswitch::profiler[0m[2m:[0m close [3mtime.busy[0m[2m=[0m233µs [3mtime.idle[0m[2m=[0m367ns
[2m2024-04-10T15:36:34.634024Z[0m [34mDEBUG[0m [2mlightswitch::profiler[0m[2m:[0m unwind info not found for executable
[2m2024-04-10T15:36:34.634027Z[0m [34mDEBUG[0m [1mcalling in_memory_unwind_info[0m[1m{[0m/nix/store/ddwyrxif62r8n6xclvskjyy6szdhvj60-glibc-2.39-5/lib/ld-linux-x86-64.so.2[1m}[0m[2m:[0m [2mlightswitch::profiler[0m[2m:[0m enter
[2m2024-04-10T15:36:34.634256Z[0m [34mDEBUG[0m [1mcalling in_memory_unwind_info[0m[1m{[0m/nix/store/ddwyrxif62r8n6xclvskjyy6szdhvj60-glibc-2.39-5/lib/ld-linux-x86-64.so.2[1m}[0m[2m:[0m [2mlightswitch::profiler[0m[2m:[0m close [3mtime.busy[0m[2m=[0m228µs [3mtime.idle[0m[2m=[0m506ns
[2m2024-04-10T15:36:34.634264Z[0m [34mDEBUG[0m [1msort unwind info[0m[2m:[0m [2mlightswitch::profiler[0m[2m:[0m enter
[2m2024-04-10T15:36:34.634280Z[0m [34mDEBUG[0m [1msort unwind info[0m[2m:[0m [2mlightswitch::profiler[0m[2m:[0m close [3mtime.busy[0m[2m=[0m16.2µs [3mtime.idle[0m[2m=[0m341ns
[2m2024-04-10T15:36:34.634284Z[0m [34mDEBUG[0m [1moptimize unwind info[0m[2m:[0m [2mlightswitch::profiler[0m[2m:[0m enter
[2m2024-04-10T15:36:34.634319Z[0m [34mDEBUG[0m [1moptimize unwind info[0m[2m:[0m [2mlightswitch::profiler[0m[2m:[0m close [3mtime.busy[0m[2m=[0m35.6µs [3mtime.idle[0m[2m=[0m285ns
[2m2024-04-10T15:36:34.634322Z[0m [34mDEBUG[0m [2mlightswitch::profiler[0m[2m:[0m ======== Unwind rows for executable /nix/store/ddwyrxif62r8n6xclvskjyy6szdhvj60-glibc-2.39-5/lib/ld-linux-x86-64.so.2: 2583 with id 6
[2m2024-04-10T15:36:34.634324Z[0m [34mDEBUG[0m [2mlightswitch::profiler[0m[2m:[0m -- unwind information covers PCs: [1000-26d95]
[2m2024-04-10T15:36:34.634326Z[0m [34mDEBUG[0m [1mchunk unwind info[0m[2m:[0m [2mlightswitch::profiler[0m[2m:[0m enter
[2m2024-04-10T15:36:34.634328Z[0m [34mDEBUG[0m [1mchunk unwind info[0m[2m:[0m [2mlightswitch::profiler[0m[2m:[0m -- space used so far in live shard 0 68256
[2m2024-04-10T15:36:34.634330Z[0m [34mDEBUG[0m [1mchunk unwind info[0m[2m:[0m [2mlightswitch::profiler[0m[2m:[0m -- live shard free space: 181744, rest_chunk size: 2583
[2m2024-04-10T15:36:34.634352Z[0m [34mDEBUG[0m [1mchunk unwind info[0m[2m:[0m [2mlightswitch::profiler[0m[2m:[0m -- chunk covers PCs [1000:26d95]
[2m2024-04-10T15:36:34.634354Z[0m [34mDEBUG[0m [1mchunk unwind info[0m[2m:[0m [2mlightswitch::profiler[0m[2m:[0m -- chunk is in shard: 0 in range [68256:70839]
[2m2024-04-10T15:36:34.634356Z[0m [34mDEBUG[0m [1mchunk unwind info[0m[2m:[0m [2mlightswitch::profiler[0m[2m:[0m done chunkin'
[2m2024-04-10T15:36:34.634358Z[0m [34mDEBUG[0m [1mchunk unwind info[0m[2m:[0m [2mlightswitch::profiler[0m[2m:[0m close [3mtime.busy[0m[2m=[0m32.2µs [3mtime.idle[0m[2m=[0m286ns
[2m2024-04-10T15:36:34.634372Z[0m [34mDEBUG[0m [1mpersist_unwind_info[0m[2m:[0m [2mlightswitch::profiler[0m[2m:[0m enter
[2m2024-04-10T15:36:34.636331Z[0m [34mDEBUG[0m [1mpersist_unwind_info[0m[2m:[0m [2mlightswitch::profiler[0m[2m:[0m close [3mtime.busy[0m[2m=[0m1.96ms [3mtime.idle[0m[2m=[0m340ns
[2m2024-04-10T15:36:39.617143Z[0m [34mDEBUG[0m [2mlightswitch::profiler[0m[2m:[0m collecting profiles on schedule
[2m2024-04-10T15:36:39.617177Z[0m [34mDEBUG[0m [2mlightswitch::profiler[0m[2m:[0m collecting profile
[2m2024-04-10T15:36:39.618898Z[0m [34mDEBUG[0m [2mlightswitch::profiler[0m[2m:[0m ===== got 343 unique stacks
[2m2024-04-10T15:36:39.618924Z[0m [32m INFO[0m [2mlightswitch::profiler[0m[2m:[0m unwinder stats: unwinder_stats_t { total: 504, success_dwarf: 503, error_truncated: 0, error_unsupported_expression: 0, error_unsupported_frame_pointer_action: 0, error_unsupported_cfa_register: 0, error_catchall: 0, error_should_never_happen: 0, error_pc_not_covered: 0, error_jit: 0 }
[2m2024-04-10T15:36:39.618935Z[0m [34mDEBUG[0m [1mclear_maps[0m[2m:[0m [2mlightswitch::profiler[0m[2m:[0m enter
[2m2024-04-10T15:36:39.619450Z[0m [34mDEBUG[0m [1mclear_maps[0m[2m:[0m [2mlightswitch::profiler[0m[2m:[0m clearing map stacks found 332 entries, failed to delete 0 entries
[2m2024-04-10T15:36:39.619761Z[0m [34mDEBUG[0m [1mclear_maps[0m[2m:[0m [2mlightswitch::profiler[0m[2m:[0m clearing map aggregated_stacks found 343 entries, failed to delete 0 entries
[2m2024-04-10T15:36:39.619765Z[0m [34mDEBUG[0m [1mclear_maps[0m[2m:[0m [2mlightswitch::profiler[0m[2m:[0m close [3mtime.busy[0m[2m=[0m829µs [3mtime.idle[0m[2m=[0m1.67µs
[2m2024-04-10T15:36:44.620560Z[0m [34mDEBUG[0m [2mlightswitch::profiler[0m[2m:[0m collecting profiles on schedule
[2m2024-04-10T15:36:44.620575Z[0m [34mDEBUG[0m [2mlightswitch::profiler[0m[2m:[0m collecting profile
[2m2024-04-10T15:36:44.622237Z[0m [34mDEBUG[0m [2mlightswitch::profiler[0m[2m:[0m ===== got 355 unique stacks
[2m2024-04-10T15:36:44.622263Z[0m [32m INFO[0m [2mlightswitch::profiler[0m[2m:[0m unwinder stats: unwinder_stats_t { total: 505, success_dwarf: 505, error_truncated: 0, error_unsupported_expression: 0, error_unsupported_frame_pointer_action: 0, error_unsupported_cfa_register: 0, error_catchall: 0, error_should_never_happen: 0, error_pc_not_covered: 0, error_jit: 0 }
[2m2024-04-10T15:36:44.622273Z[0m [34mDEBUG[0m [1mclear_maps[0m[2m:[0m [2mlightswitch::profiler[0m[2m:[0m enter
[2m2024-04-10T15:36:44.622790Z[0m [34mDEBUG[0m [1mclear_maps[0m[2m:[0m [2mlightswitch::profiler[0m[2m:[0m clearing map stacks found 343 entries, failed to delete 0 entries
[2m2024-04-10T15:36:44.623116Z[0m [34mDEBUG[0m [1mclear_maps[0m[2m:[0m [2mlightswitch::profiler[0m[2m:[0m clearing map aggregated_stacks found 355 entries, failed to delete 0 entries
[2m2024-04-10T15:36:44.623124Z[0m [34mDEBUG[0m [1mclear_maps[0m[2m:[0m [2mlightswitch::profiler[0m[2m:[0m close [3mtime.busy[0m[2m=[0m850µs [3mtime.idle[0m[2m=[0m1.52µs
[2m2024-04-10T15:36:49.623790Z[0m [34mDEBUG[0m [2mlightswitch::profiler[0m[2m:[0m collecting profiles on schedule
[2m2024-04-10T15:36:49.623811Z[0m [34mDEBUG[0m [2mlightswitch::profiler[0m[2m:[0m collecting profile
[2m2024-04-10T15:36:49.625482Z[0m [34mDEBUG[0m [2mlightswitch::profiler[0m[2m:[0m ===== got 357 unique stacks
[2m2024-04-10T15:36:49.625509Z[0m [32m INFO[0m [2mlightswitch::profiler[0m[2m:[0m unwinder stats: unwinder_stats_t { total: 505, success_dwarf: 505, error_truncated: 0, error_unsupported_expression: 0, error_unsupported_frame_pointer_action: 0, error_unsupported_cfa_register: 0, error_catchall: 0, error_should_never_happen: 0, error_pc_not_covered: 0, error_jit: 0 }
[2m2024-04-10T15:36:49.625520Z[0m [34mDEBUG[0m [1mclear_maps[0m[2m:[0m [2mlightswitch::profiler[0m[2m:[0m enter
[2m2024-04-10T15:36:49.626040Z[0m [34mDEBUG[0m [1mclear_maps[0m[2m:[0m [2mlightswitch::profiler[0m[2m:[0m clearing map stacks found 343 entries, failed to delete 0 entries
[2m2024-04-10T15:36:49.626372Z[0m [34mDEBUG[0m [1mclear_maps[0m[2m:[0m [2mlightswitch::profiler[0m[2m:[0m clearing map aggregated_stacks found 357 entries, failed to delete 0 entries
[2m2024-04-10T15:36:49.626380Z[0m [34mDEBUG[0m [1mclear_maps[0m[2m:[0m [2mlightswitch::profiler[0m[2m:[0m close [3mtime.busy[0m[2m=[0m860µs [3mtime.idle[0m[2m=[0m1.74µs
[2m2024-04-10T15:36:54.617141Z[0m [34mDEBUG[0m [2mlightswitch::profiler[0m[2m:[0m done after running for 20.000002041s
[2m2024-04-10T15:36:54.617159Z[0m [34mDEBUG[0m [2mlightswitch::profiler[0m[2m:[0m collecting profile
[2m2024-04-10T15:36:54.618829Z[0m [34mDEBUG[0m [2mlightswitch::profiler[0m[2m:[0m ===== got 346 unique stacks
[2m2024-04-10T15:36:54.618852Z[0m [32m INFO[0m [2mlightswitch::profiler[0m[2m:[0m unwinder stats: unwinder_stats_t { total: 504, success_dwarf: 504, error_truncated: 0, error_unsupported_expression: 0, error_unsupported_frame_pointer_action: 0, error_unsupported_cfa_register: 0, error_catchall: 0, error_should_never_happen: 0, error_pc_not_covered: 0, error_jit: 0 }
[2m2024-04-10T15:36:54.618863Z[0m [34mDEBUG[0m [1mclear_maps[0m[2m:[0m [2mlightswitch::profiler[0m[2m:[0m enter
[2m2024-04-10T15:36:54.619382Z[0m [34mDEBUG[0m [1mclear_maps[0m[2m:[0m [2mlightswitch::profiler[0m[2m:[0m clearing map stacks found 338 entries, failed to delete 0 entries
[2m2024-04-10T15:36:54.619696Z[0m [34mDEBUG[0m [1mclear_maps[0m[2m:[0m [2mlightswitch::profiler[0m[2m:[0m clearing map aggregated_stacks found 346 entries, failed to delete 0 entries
[2m2024-04-10T15:36:54.619701Z[0m [34mDEBUG[0m [1mclear_maps[0m[2m:[0m [2mlightswitch::profiler[0m[2m:[0m close [3mtime.busy[0m[2m=[0m838µs [3mtime.idle[0m[2m=[0m1.51µs
[2m2024-04-10T15:36:54.621005Z[0m [34mDEBUG[0m [1msymbolize_profiles[0m[2m:[0m [2mlightswitch::collector[0m[2m:[0m enter
[2m2024-04-10T15:36:54.621012Z[0m [34mDEBUG[0m [1msymbolize_profiles[0m[2m:[0m [2mlightswitch::collector[0m[2m:[0m Collector::finish 4
[2m2024-04-10T15:36:55.035573Z[0m [34mDEBUG[0m [1msymbolize_profiles[0m[2m:[0m [2mlightswitch::collector[0m[2m:[0m close [3mtime.busy[0m[2m=[0m415ms [3mtime.idle[0m[2m=[0m985ns
